<?xml version="1.0" encoding="UTF-8"?>
<testsuite xmlns:xsi="http://www.w3.org/2001/XMLSchema-instance" xsi:noNamespaceSchemaLocation="https://maven.apache.org/surefire/maven-surefire-plugin/xsd/surefire-test-report-3.0.xsd" version="3.0" name="org.f2m2.MyRemoteServiceTest" time="4.657" tests="1" errors="0" skipped="0" failures="0">
  <properties>
[...]
</properties>
  <testcase name="testExtensionsRestClientEndpoint" classname="org.f2m2.MyRemoteServiceTest" time="0.981">
    <system-out><![CDATA[2022-03-19 22:07:59,830 INFO  [org.jbo.threads] (main) JBoss Threads version 3.4.2.Final
2022-03-19 22:08:00,968 INFO  [io.quarkus] (main) Quarkus 2.7.5.Final on JVM started in 1.596s. Listening on: http://localhost:8081
2022-03-19 22:08:00,968 INFO  [io.quarkus] (main) Profile test activated. 
2022-03-19 22:08:00,968 INFO  [io.quarkus] (main) Installed features: [cdi, rest-client, rest-client-jackson, rest-client-jsonb, resteasy, resteasy-jsonb, smallrye-context-propagation, vertx]
]]></system-out>
  </testcase>
</testsuite>